[ 2015-07-13T14:57:24+08:00 ] ::1 /shopingmallweb/Application/Home/Controller/Index
INFO: [ app_init ] --START--
INFO: Run Behavior\BuildLiteBehavior [ RunTime:0.000239s ]
INFO: [ app_init ] --END-- [ RunTime:0.003273s ]
ERR: 无法加载模块:Application

[ 2015-07-13T14:57:28+08:00 ] ::1 /shopingmallweb/Application/Home/Index
INFO: [ app_init ] --START--
INFO: Run Behavior\BuildLiteBehavior [ RunTime:0.000243s ]
INFO: [ app_init ] --END-- [ RunTime:0.002395s ]
ERR: 无法加载模块:Application

[ 2015-07-13T14:57:30+08:00 ] ::1 /shopingmallweb/Application/Home/Index
INFO: [ app_init ] --START--
INFO: Run Behavior\BuildLiteBehavior [ RunTime:0.000245s ]
INFO: [ app_init ] --END-- [ RunTime:0.005850s ]
ERR: 无法加载模块:Application

[ 2015-07-13T14:57:44+08:00 ] ::1 /shopingmallweb/Application/Home/Index
INFO: [ app_init ] --START--
INFO: Run Behavior\BuildLiteBehavior [ RunTime:0.000304s ]
INFO: [ app_init ] --END-- [ RunTime:0.006390s ]
ERR: 无法加载模块:Application

[ 2015-07-13T14:57:56+08:00 ] ::1 /shopingmallweb/Application/Home/Index
INFO: [ app_init ] --START--
INFO: Run Behavior\BuildLiteBehavior [ RunTime:0.000240s ]
INFO: [ app_init ] --END-- [ RunTime:0.002386s ]
ERR: 无法加载模块:Application

[ 2015-07-13T14:58:35+08:00 ] ::1 /shopingmallweb/Application/Home/Index/
INFO: [ app_init ] --START--
INFO: Run Behavior\BuildLiteBehavior [ RunTime:0.000237s ]
INFO: [ app_init ] --END-- [ RunTime:0.002360s ]
ERR: 无法加载模块:Application

